http://yahoo.png | WebDriverException: Message: unknown error: net::ERR_NAME_NOT_RESOLVED
  (Session info: chrome=137.0.7151.56)
Stacktrace:
	GetHandleVerifier [0x0x7ff6ff6ffea5+79173]
	GetHandleVerifier [0x0x7ff6ff6fff00+79264]
	(No symbol) [0x0x7ff6ff4b9e5a]
	(No symbol) [0x0x7ff6ff4b6874]
	(No symbol) [0x0x7ff6ff4a7589]
	(No symbol) [0x0x7ff6ff4a9331]
	(No symbol) [0x0x7ff6ff4a78a6]
	(No symbol) [0x0x7ff6ff4a7306]
	(No symbol) [0x0x7ff6ff4a6fca]
	(No symbol) [0x0x7ff6ff4a4b9f]
	(No symbol) [0x0x7ff6ff4a541c]
	(No symbol) [0x0x7ff6ff4bde0a]
	(No symbol) [0x0x7ff6ff561dfe]
	(No symbol) [0x0x7ff6ff53896a]
	(No symbol) [0x0x7ff6ff56100d]
	(No symbol) [0x0x7ff6ff538743]
	(No symbol) [0x0x7ff6ff5014c1]
	(No symbol) [0x0x7ff6ff502253]
	GetHandleVerifier [0x0x7ff6ff9ca2dd+3004797]
	GetHandleVerifier [0x0x7ff6ff9c472d+2981325]
	GetHandleVerifier [0x0x7ff6ff9e3380+3107360]
	GetHandleVerifier [0x0x7ff6ff71aa2e+188622]
	GetHandleVerifier [0x0x7ff6ff7222bf+219487]
	GetHandleVerifier [0x0x7ff6ff708df4+115860]
	GetHandleVerifier [0x0x7ff6ff708fa9+116297]
	GetHandleVerifier [0x0x7ff6ff6ef558+11256]
	BaseThreadInitThunk [0x0x7ffe91d6e8d7+23]
	RtlUserThreadStart [0x0x7ffe92f3c5dc+44]

http://anc.tribalcouncils | WebDriverException: Message: unknown error: net::ERR_NAME_NOT_RESOLVED
  (Session info: chrome=137.0.7151.56)
Stacktrace:
	GetHandleVerifier [0x0x7ff6ff6ffea5+79173]
	GetHandleVerifier [0x0x7ff6ff6fff00+79264]
	(No symbol) [0x0x7ff6ff4b9e5a]
	(No symbol) [0x0x7ff6ff4b6874]
	(No symbol) [0x0x7ff6ff4a7589]
	(No symbol) [0x0x7ff6ff4a9331]
	(No symbol) [0x0x7ff6ff4a78a6]
	(No symbol) [0x0x7ff6ff4a7306]
	(No symbol) [0x0x7ff6ff4a6fca]
	(No symbol) [0x0x7ff6ff4a4b9f]
	(No symbol) [0x0x7ff6ff4a541c]
	(No symbol) [0x0x7ff6ff4bde0a]
	(No symbol) [0x0x7ff6ff561dfe]
	(No symbol) [0x0x7ff6ff53896a]
	(No symbol) [0x0x7ff6ff56100d]
	(No symbol) [0x0x7ff6ff538743]
	(No symbol) [0x0x7ff6ff5014c1]
	(No symbol) [0x0x7ff6ff502253]
	GetHandleVerifier [0x0x7ff6ff9ca2dd+3004797]
	GetHandleVerifier [0x0x7ff6ff9c472d+2981325]
	GetHandleVerifier [0x0x7ff6ff9e3380+3107360]
	GetHandleVerifier [0x0x7ff6ff71aa2e+188622]
	GetHandleVerifier [0x0x7ff6ff7222bf+219487]
	GetHandleVerifier [0x0x7ff6ff708df4+115860]
	GetHandleVerifier [0x0x7ff6ff708fa9+116297]
	GetHandleVerifier [0x0x7ff6ff6ef558+11256]
	BaseThreadInitThunk [0x0x7ffe91d6e8d7+23]
	RtlUserThreadStart [0x0x7ffe92f3c5dc+44]

http://nbowen.agntribe | WebDriverException: Message: unknown error: net::ERR_NAME_NOT_RESOLVED
  (Session info: chrome=137.0.7151.56)
Stacktrace:
	GetHandleVerifier [0x0x7ff6ff6ffea5+79173]
	GetHandleVerifier [0x0x7ff6ff6fff00+79264]
	(No symbol) [0x0x7ff6ff4b9e5a]
	(No symbol) [0x0x7ff6ff4b6874]
	(No symbol) [0x0x7ff6ff4a7589]
	(No symbol) [0x0x7ff6ff4a9331]
	(No symbol) [0x0x7ff6ff4a78a6]
	(No symbol) [0x0x7ff6ff4a7306]
	(No symbol) [0x0x7ff6ff4a6fca]
	(No symbol) [0x0x7ff6ff4a4b9f]
	(No symbol) [0x0x7ff6ff4a541c]
	(No symbol) [0x0x7ff6ff4bde0a]
	(No symbol) [0x0x7ff6ff561dfe]
	(No symbol) [0x0x7ff6ff53896a]
	(No symbol) [0x0x7ff6ff56100d]
	(No symbol) [0x0x7ff6ff538743]
	(No symbol) [0x0x7ff6ff5014c1]
	(No symbol) [0x0x7ff6ff502253]
	GetHandleVerifier [0x0x7ff6ff9ca2dd+3004797]
	GetHandleVerifier [0x0x7ff6ff9c472d+2981325]
	GetHandleVerifier [0x0x7ff6ff9e3380+3107360]
	GetHandleVerifier [0x0x7ff6ff71aa2e+188622]
	GetHandleVerifier [0x0x7ff6ff7222bf+219487]
	GetHandleVerifier [0x0x7ff6ff708df4+115860]
	GetHandleVerifier [0x0x7ff6ff708fa9+116297]
	GetHandleVerifier [0x0x7ff6ff6ef558+11256]
	BaseThreadInitThunk [0x0x7ffe91d6e8d7+23]
	RtlUserThreadStart [0x0x7ffe92f3c5dc+44]

http://anvik.tribal | WebDriverException: Message: unknown error: net::ERR_NAME_NOT_RESOLVED
  (Session info: chrome=137.0.7151.56)
Stacktrace:
	GetHandleVerifier [0x0x7ff6ff6ffea5+79173]
	GetHandleVerifier [0x0x7ff6ff6fff00+79264]
	(No symbol) [0x0x7ff6ff4b9e5a]
	(No symbol) [0x0x7ff6ff4b6874]
	(No symbol) [0x0x7ff6ff4a7589]
	(No symbol) [0x0x7ff6ff4a9331]
	(No symbol) [0x0x7ff6ff4a78a6]
	(No symbol) [0x0x7ff6ff4a7306]
	(No symbol) [0x0x7ff6ff4a6fca]
	(No symbol) [0x0x7ff6ff4a4b9f]
	(No symbol) [0x0x7ff6ff4a541c]
	(No symbol) [0x0x7ff6ff4bde0a]
	(No symbol) [0x0x7ff6ff561dfe]
	(No symbol) [0x0x7ff6ff53896a]
	(No symbol) [0x0x7ff6ff56100d]
	(No symbol) [0x0x7ff6ff538743]
	(No symbol) [0x0x7ff6ff5014c1]
	(No symbol) [0x0x7ff6ff502253]
	GetHandleVerifier [0x0x7ff6ff9ca2dd+3004797]
	GetHandleVerifier [0x0x7ff6ff9c472d+2981325]
	GetHandleVerifier [0x0x7ff6ff9e3380+3107360]
	GetHandleVerifier [0x0x7ff6ff71aa2e+188622]
	GetHandleVerifier [0x0x7ff6ff7222bf+219487]
	GetHandleVerifier [0x0x7ff6ff708df4+115860]
	GetHandleVerifier [0x0x7ff6ff708fa9+116297]
	GetHandleVerifier [0x0x7ff6ff6ef558+11256]
	BaseThreadInitThunk [0x0x7ffe91d6e8d7+23]
	RtlUserThreadStart [0x0x7ffe92f3c5dc+44]

http://tc.glv | WebDriverException: Message: unknown error: net::ERR_NAME_NOT_RESOLVED
  (Session info: chrome=137.0.7151.56)
Stacktrace:
	GetHandleVerifier [0x0x7ff6ff6ffea5+79173]
	GetHandleVerifier [0x0x7ff6ff6fff00+79264]
	(No symbol) [0x0x7ff6ff4b9e5a]
	(No symbol) [0x0x7ff6ff4b6874]
	(No symbol) [0x0x7ff6ff4a7589]
	(No symbol) [0x0x7ff6ff4a9331]
	(No symbol) [0x0x7ff6ff4a78a6]
	(No symbol) [0x0x7ff6ff4a7306]
	(No symbol) [0x0x7ff6ff4a6fca]
	(No symbol) [0x0x7ff6ff4a4b9f]
	(No symbol) [0x0x7ff6ff4a541c]
	(No symbol) [0x0x7ff6ff4bde0a]
	(No symbol) [0x0x7ff6ff561dfe]
	(No symbol) [0x0x7ff6ff53896a]
	(No symbol) [0x0x7ff6ff56100d]
	(No symbol) [0x0x7ff6ff538743]
	(No symbol) [0x0x7ff6ff5014c1]
	(No symbol) [0x0x7ff6ff502253]
	GetHandleVerifier [0x0x7ff6ff9ca2dd+3004797]
	GetHandleVerifier [0x0x7ff6ff9c472d+2981325]
	GetHandleVerifier [0x0x7ff6ff9e3380+3107360]
	GetHandleVerifier [0x0x7ff6ff71aa2e+188622]
	GetHandleVerifier [0x0x7ff6ff7222bf+219487]
	GetHandleVerifier [0x0x7ff6ff708df4+115860]
	GetHandleVerifier [0x0x7ff6ff708fa9+116297]
	GetHandleVerifier [0x0x7ff6ff6ef558+11256]
	BaseThreadInitThunk [0x0x7ffe91d6e8d7+23]
	RtlUserThreadStart [0x0x7ffe92f3c5dc+44]

http://jessica.fields | WebDriverException: Message: unknown error: net::ERR_NAME_NOT_RESOLVED
  (Session info: chrome=137.0.7151.56)
Stacktrace:
	GetHandleVerifier [0x0x7ff6ff6ffea5+79173]
	GetHandleVerifier [0x0x7ff6ff6fff00+79264]
	(No symbol) [0x0x7ff6ff4b9e5a]
	(No symbol) [0x0x7ff6ff4b6874]
	(No symbol) [0x0x7ff6ff4a7589]
	(No symbol) [0x0x7ff6ff4a9331]
	(No symbol) [0x0x7ff6ff4a78a6]
	(No symbol) [0x0x7ff6ff4a7306]
	(No symbol) [0x0x7ff6ff4a6fca]
	(No symbol) [0x0x7ff6ff4a4b9f]
	(No symbol) [0x0x7ff6ff4a541c]
	(No symbol) [0x0x7ff6ff4bde0a]
	(No symbol) [0x0x7ff6ff561dfe]
	(No symbol) [0x0x7ff6ff53896a]
	(No symbol) [0x0x7ff6ff56100d]
	(No symbol) [0x0x7ff6ff538743]
	(No symbol) [0x0x7ff6ff5014c1]
	(No symbol) [0x0x7ff6ff502253]
	GetHandleVerifier [0x0x7ff6ff9ca2dd+3004797]
	GetHandleVerifier [0x0x7ff6ff9c472d+2981325]
	GetHandleVerifier [0x0x7ff6ff9e3380+3107360]
	GetHandleVerifier [0x0x7ff6ff71aa2e+188622]
	GetHandleVerifier [0x0x7ff6ff7222bf+219487]
	GetHandleVerifier [0x0x7ff6ff708df4+115860]
	GetHandleVerifier [0x0x7ff6ff708fa9+116297]
	GetHandleVerifier [0x0x7ff6ff6ef558+11256]
	BaseThreadInitThunk [0x0x7ffe91d6e8d7+23]
	RtlUserThreadStart [0x0x7ffe92f3c5dc+44]

